<?xml version="1.0" encoding="UTF-8"?>
<robot generator="Robot 3.0.2 (Python 3.6.4 on darwin)" generated="20190322 13:58:33.972">
<suite id="s1" name="Test1" source="/Users/yifang.gao/Desktop/test_android/test1.robot">
<test id="s1-t1" name="case1">
<kw name="Open Application" library="AppiumLibrary">
<doc>Opens a new application to given Appium server.</doc>
<arguments>
<arg>http://localhost:4723/wd/hub</arg>
<arg>platformName=Android</arg>
<arg>platformVersion=7.1.1</arg>
<arg>deviceName=Galaxy S5</arg>
<arg>appPackage=com.google.android.calculator</arg>
<arg>appActivity=.Calculator</arg>
</arguments>
<msg timestamp="20190322 13:58:47.907" level="FAIL">WebDriverException: Message: An unknown server-side error occurred while processing the command. Original error: Error occured while starting App. Original error: Activity used to start app doesn't exist or cannot be launched! Make sure it exists and is a launchable activity
</msg>
<status status="FAIL" starttime="20190322 13:58:34.521" endtime="20190322 13:58:47.907"></status>
</kw>
<status status="FAIL" starttime="20190322 13:58:34.521" endtime="20190322 13:58:47.907" critical="yes">WebDriverException: Message: An unknown server-side error occurred while processing the command. Original error: Error occured while starting App. Original error: Activity used to start app doesn't exist or cannot be launched! Make sure it exists and is a launchable activity
</status>
</test>
<test id="s1-t2" name="case2">
<kw name="Open Browser" library="Selenium2Library">
<doc>Opens a new browser instance to the given ``url``.</doc>
<arguments>
<arg>https://www.baidu.com</arg>
<arg>Chrome</arg>
</arguments>
<msg timestamp="20190322 13:58:47.909" level="INFO">Opening browser 'Chrome' to base url 'https://www.baidu.com'.</msg>
<status status="PASS" starttime="20190322 13:58:47.908" endtime="20190322 13:58:50.864"></status>
</kw>
<kw name="Input Text" library="Selenium2Library">
<doc>Types the given ``text`` into text field identified by ``locator``.</doc>
<arguments>
<arg>css:#kw</arg>
<arg>python</arg>
</arguments>
<msg timestamp="20190322 13:58:50.865" level="INFO">Typing text 'python' into text field 'css:#kw'.</msg>
<status status="PASS" starttime="20190322 13:58:50.865" endtime="20190322 13:58:51.002"></status>
</kw>
<kw name="Click Button" library="Selenium2Library">
<doc>Clicks button identified by ``locator``.</doc>
<arguments>
<arg>css:#su</arg>
</arguments>
<msg timestamp="20190322 13:58:51.003" level="INFO">Clicking button 'css:#su'.</msg>
<status status="PASS" starttime="20190322 13:58:51.002" endtime="20190322 13:58:51.091"></status>
</kw>
<kw name="Get Title" library="Selenium2Library">
<doc>Returns the title of current page.</doc>
<assign>
<var>${res}</var>
</assign>
<msg timestamp="20190322 13:58:51.099" level="INFO">${res} = 百度一下，你就知道</msg>
<status status="PASS" starttime="20190322 13:58:51.091" endtime="20190322 13:58:51.100"></status>
</kw>
<kw name="Should Be Equal" library="BuiltIn">
<doc>Fails if the given objects are unequal.</doc>
<arguments>
<arg>${res}</arg>
<arg>百度一下，你就知道</arg>
</arguments>
<status status="PASS" starttime="20190322 13:58:51.101" endtime="20190322 13:58:51.102"></status>
</kw>
<kw name="Close All Browsers" library="Selenium2Library">
<doc>Closes all open browsers and resets the browser cache.</doc>
<status status="PASS" starttime="20190322 13:58:51.102" endtime="20190322 13:58:51.212"></status>
</kw>
<status status="PASS" starttime="20190322 13:58:47.908" endtime="20190322 13:58:51.213" critical="yes"></status>
</test>
<test id="s1-t3" name="case3">
<kw name="Should Be Equal" library="BuiltIn">
<doc>Fails if the given objects are unequal.</doc>
<arguments>
<arg>${5}</arg>
<arg>${5}</arg>
</arguments>
<status status="PASS" starttime="20190322 13:58:51.219" endtime="20190322 13:58:51.220"></status>
</kw>
<status status="PASS" starttime="20190322 13:58:51.214" endtime="20190322 13:58:51.220" critical="yes"></status>
</test>
<status status="FAIL" starttime="20190322 13:58:33.974" endtime="20190322 13:58:51.221"></status>
</suite>
<statistics>
<total>
<stat pass="2" fail="1">Critical Tests</stat>
<stat pass="2" fail="1">All Tests</stat>
</total>
<tag>
</tag>
<suite>
<stat pass="2" fail="1" id="s1" name="Test1">Test1</stat>
</suite>
</statistics>
<errors>
</errors>
</robot>
