<?xml version="1.0" encoding="UTF-8"?>
<robot generator="Robot 3.0.2 (Python 3.6.4 on darwin)" generated="20180404 16:47:35.120">
<suite id="s1" name="Test1" source="/Users/yifang.gao/Desktop/test_android/test1.robot">
<test id="s1-t1" name="case1">
<kw name="Open Application" library="AppiumLibrary">
<doc>Opens a new application to given Appium server.</doc>
<arguments>
<arg>http://localhost:4723/wd/hub</arg>
<arg>platformName=Android</arg>
<arg>platformVersion=5.0</arg>
<arg>deviceName=Galaxy S5</arg>
<arg>appPackage=com.sec.android.app.popupcalculator</arg>
<arg>appActivity=.Calculator</arg>
</arguments>
<status status="PASS" starttime="20180404 16:47:35.732" endtime="20180404 16:47:47.396"></status>
</kw>
<kw name="Click Element" library="AppiumLibrary">
<doc>Click element identified by `locator`.</doc>
<arguments>
<arg>id=com.sec.android.app.popupcalculator:id/bt_01</arg>
</arguments>
<msg timestamp="20180404 16:47:47.400" level="INFO">Clicking element 'id=com.sec.android.app.popupcalculator:id/bt_01'.</msg>
<status status="PASS" starttime="20180404 16:47:47.399" endtime="20180404 16:47:48.434"></status>
</kw>
<kw name="Click Element" library="AppiumLibrary">
<doc>Click element identified by `locator`.</doc>
<arguments>
<arg>id=com.sec.android.app.popupcalculator:id/bt_add</arg>
</arguments>
<msg timestamp="20180404 16:47:48.435" level="INFO">Clicking element 'id=com.sec.android.app.popupcalculator:id/bt_add'.</msg>
<status status="PASS" starttime="20180404 16:47:48.435" endtime="20180404 16:47:52.313"></status>
</kw>
<kw name="Click Element" library="AppiumLibrary">
<doc>Click element identified by `locator`.</doc>
<arguments>
<arg>id=com.sec.android.app.popupcalculator:id/bt_03</arg>
</arguments>
<msg timestamp="20180404 16:47:52.314" level="INFO">Clicking element 'id=com.sec.android.app.popupcalculator:id/bt_03'.</msg>
<status status="PASS" starttime="20180404 16:47:52.314" endtime="20180404 16:47:56.009"></status>
</kw>
<kw name="Click Element" library="AppiumLibrary">
<doc>Click element identified by `locator`.</doc>
<arguments>
<arg>id=com.sec.android.app.popupcalculator:id/bt_equal</arg>
</arguments>
<msg timestamp="20180404 16:47:56.010" level="INFO">Clicking element 'id=com.sec.android.app.popupcalculator:id/bt_equal'.</msg>
<status status="PASS" starttime="20180404 16:47:56.010" endtime="20180404 16:47:59.874"></status>
</kw>
<kw name="Element Should Contain Text" library="AppiumLibrary">
<doc>Verifies element identified by ``locator`` contains text ``expected``.</doc>
<arguments>
<arg>com.sec.android.app.popupcalculator:id/txtCalc</arg>
<arg>1+3</arg>
</arguments>
<msg timestamp="20180404 16:47:59.876" level="INFO">Verifying element 'com.sec.android.app.popupcalculator:id/txtCalc' contains text '1+3'.</msg>
<status status="PASS" starttime="20180404 16:47:59.875" endtime="20180404 16:48:00.088"></status>
</kw>
<kw name="Close Application" library="AppiumLibrary">
<doc>Closes the current application and also close webdriver session.</doc>
<status status="PASS" starttime="20180404 16:48:00.088" endtime="20180404 16:48:02.284"></status>
</kw>
<status status="PASS" starttime="20180404 16:47:35.729" endtime="20180404 16:48:02.286" critical="yes"></status>
</test>
<test id="s1-t2" name="case2">
<kw name="Open Browser" library="Selenium2Library">
<doc>Opens a new browser instance to the given ``url``.</doc>
<arguments>
<arg>https://www.baidu.com</arg>
<arg>Chrome</arg>
</arguments>
<msg timestamp="20180404 16:48:02.292" level="INFO">Opening browser 'Chrome' to base url 'https://www.baidu.com'.</msg>
<status status="PASS" starttime="20180404 16:48:02.291" endtime="20180404 16:48:04.959"></status>
</kw>
<kw name="Input Text" library="Selenium2Library">
<doc>Types the given ``text`` into text field identified by ``locator``.</doc>
<arguments>
<arg>css:#kw</arg>
<arg>python</arg>
</arguments>
<msg timestamp="20180404 16:48:04.961" level="INFO">Typing text 'python' into text field 'css:#kw'.</msg>
<status status="PASS" starttime="20180404 16:48:04.960" endtime="20180404 16:48:05.112"></status>
</kw>
<kw name="Click Button" library="Selenium2Library">
<doc>Clicks button identified by ``locator``.</doc>
<arguments>
<arg>css:#su</arg>
</arguments>
<msg timestamp="20180404 16:48:05.113" level="INFO">Clicking button 'css:#su'.</msg>
<status status="PASS" starttime="20180404 16:48:05.112" endtime="20180404 16:48:05.210"></status>
</kw>
<kw name="Get Title" library="Selenium2Library">
<doc>Returns the title of current page.</doc>
<assign>
<var>${res}</var>
</assign>
<msg timestamp="20180404 16:48:05.221" level="INFO">${res} = 百度一下，你就知道</msg>
<status status="PASS" starttime="20180404 16:48:05.210" endtime="20180404 16:48:05.221"></status>
</kw>
<kw name="Should Be Equal" library="BuiltIn">
<doc>Fails if the given objects are unequal.</doc>
<arguments>
<arg>${res}</arg>
<arg>百度一下，你就知道</arg>
</arguments>
<status status="PASS" starttime="20180404 16:48:05.221" endtime="20180404 16:48:05.221"></status>
</kw>
<kw name="Close All Browsers" library="Selenium2Library">
<doc>Closes all open browsers and resets the browser cache.</doc>
<status status="PASS" starttime="20180404 16:48:05.222" endtime="20180404 16:48:05.294"></status>
</kw>
<status status="PASS" starttime="20180404 16:48:02.290" endtime="20180404 16:48:05.294" critical="yes"></status>
</test>
<test id="s1-t3" name="case3">
<kw name="Should Be Equal" library="BuiltIn">
<doc>Fails if the given objects are unequal.</doc>
<arguments>
<arg>${5}</arg>
<arg>${5}</arg>
</arguments>
<status status="PASS" starttime="20180404 16:48:05.297" endtime="20180404 16:48:05.298"></status>
</kw>
<status status="PASS" starttime="20180404 16:48:05.295" endtime="20180404 16:48:05.298" critical="yes"></status>
</test>
<status status="PASS" starttime="20180404 16:47:35.122" endtime="20180404 16:48:05.299"></status>
</suite>
<statistics>
<total>
<stat pass="3" fail="0">Critical Tests</stat>
<stat pass="3" fail="0">All Tests</stat>
</total>
<tag>
</tag>
<suite>
<stat pass="3" fail="0" id="s1" name="Test1">Test1</stat>
</suite>
</statistics>
<errors>
</errors>
</robot>
